<?xml version="1.0" encoding="UTF-8" ?>
<testsuite tests="1" failures="0" name="com.stefano.AppTest" time="0.005" errors="0" skipped="0">
  <properties>
    <property name="java.runtime.name" value="Java(TM) SE Runtime Environment"/>
    <property name="java.vm.version" value="18+36-2087"/>
    <property name="sun.boot.library.path" value="/usr/java/jdk-18/lib"/>
    <property name="maven.multiModuleProjectDirectory" value="/opt/eclipse/test_maven"/>
    <property name="java.vm.vendor" value="Oracle Corporation"/>
    <property name="java.vendor.url" value="https://java.oracle.com/"/>
    <property name="path.separator" value=":"/>
    <property name="guice.disable.misplaced.annotation.check" value="true"/>
    <property name="java.vm.name" value="Java HotSpot(TM) 64-Bit Server VM"/>
    <property name="user.country" value="US"/>
    <property name="sun.java.launcher" value="SUN_STANDARD"/>
    <property name="java.vm.specification.name" value="Java Virtual Machine Specification"/>
    <property name="user.dir" value="/opt/eclipse/test_maven"/>
    <property name="java.vm.compressedOopsMode" value="32-bit"/>
    <property name="java.runtime.version" value="18+36-2087"/>
    <property name="os.arch" value="amd64"/>
    <property name="java.io.tmpdir" value="/tmp"/>
    <property name="line.separator" value="
"/>
    <property name="java.vm.specification.vendor" value="Oracle Corporation"/>
    <property name="os.name" value="Linux"/>
    <property name="classworlds.conf" value="/home/stefano/eclipse-workspace3/.metadata/.plugins/org.eclipse.m2e.launching/launches/m2conf11340829302915110559.tmp"/>
    <property name="sun.jnu.encoding" value="UTF-8"/>
    <property name="java.library.path" value="/usr/java/packages/lib:/usr/lib64:/lib64:/lib:/usr/lib"/>
    <property name="jdk.debug" value="release"/>
    <property name="java.class.version" value="62.0"/>
    <property name="java.specification.name" value="Java Platform API Specification"/>
    <property name="sun.management.compiler" value="HotSpot 64-Bit Tiered Compilers"/>
    <property name="os.version" value="5.15.0-46-generic"/>
    <property name="user.home" value="/home/stefano"/>
    <property name="user.timezone" value="Europe/Paris"/>
    <property name="file.encoding" value="UTF-8"/>
    <property name="java.specification.version" value="18"/>
    <property name="user.name" value="stefano"/>
    <property name="java.class.path" value="/snap/eclipse/48/plugins/org.eclipse.m2e.maven.runtime_1.14.0.20191209-1923/jars/plexus-classworlds-2.6.0.jar"/>
    <property name="java.vm.specification.version" value="18"/>
    <property name="sun.arch.data.model" value="64"/>
    <property name="sun.java.command" value="org.codehaus.plexus.classworlds.launcher.Launcher -B clean verify"/>
    <property name="java.home" value="/usr/java/jdk-18"/>
    <property name="user.language" value="en"/>
    <property name="java.specification.vendor" value="Oracle Corporation"/>
    <property name="java.vm.info" value="mixed mode, sharing"/>
    <property name="java.version" value="18"/>
    <property name="native.encoding" value="UTF-8"/>
    <property name="securerandom.source" value="file:/dev/./urandom"/>
    <property name="java.vendor" value="Oracle Corporation"/>
    <property name="maven.home" value="/opt/eclipse/test_maven/EMBEDDED"/>
    <property name="file.separator" value="/"/>
    <property name="java.version.date" value="2022-03-22"/>
    <property name="java.vendor.url.bug" value="https://bugreport.java.com/bugreport/"/>
    <property name="sun.io.unicode.encoding" value="UnicodeLittle"/>
    <property name="sun.cpu.endian" value="little"/>
  </properties>
  <testcase classname="com.stefano.AppTest" name="shouldAnswerWithTrue" time="0.005"/>
</testsuite>